<?xml version="1.0" encoding="UTF-8"?>
<!-- Generated by org.testng.reporters.JUnitReportReporter -->
<testsuite skipped="0" hostname="kr700597" name="testNG.FirstTest" tests="3" failures="0" timestamp="29 10ì›” 2018 03:39:30 GMT" time="0.016" errors="0">
  <testcase name="f" time="0.000" classname="testNG.FirstTest"/>
  <testcase name="g" time="0.016" classname="testNG.FirstTest"/>
  <testcase name="a" time="0.000" classname="testNG.FirstTest"/>
</testsuite> <!-- testNG.FirstTest -->
