<?xml version="1.0" encoding="UTF-8"?>
<!-- Generated by org.testng.reporters.JUnitReportReporter -->
<testsuite skipped="0" hostname="kr700597" name="testNG.SecondTest" tests="2" failures="0" timestamp="29 10ì›” 2018 03:39:30 GMT" time="0.015" errors="0">
  <testcase name="login" time="0.000" classname="testNG.SecondTest"/>
  <testcase name="login2" time="0.015" classname="testNG.SecondTest"/>
</testsuite> <!-- testNG.SecondTest -->
